<?xml version="1.0" encoding="UTF-8"?>
<testsuite name="ru.netology.test.MoneyTransferTest" tests="5" skipped="0" failures="0" errors="0" timestamp="2023-02-01T16:38:56" hostname="LAPTOP-6LBHQ94F" time="9.303">
  <properties/>
  <testcase name="shouldTransferMoneyFromSecondToFirst()" classname="ru.netology.test.MoneyTransferTest" time="3.343"/>
  <testcase name="shouldTransferMoneyWhenTransferAmountIsZero()" classname="ru.netology.test.MoneyTransferTest" time="1.564"/>
  <testcase name="shouldBeErrorWhenCardNumberIncorrect()" classname="ru.netology.test.MoneyTransferTest" time="1.445"/>
  <testcase name="shouldBeErrorWhenCardFieldEmpty()" classname="ru.netology.test.MoneyTransferTest" time="1.377"/>
  <testcase name="shouldTransferMoneyFromFirstToSecond()" classname="ru.netology.test.MoneyTransferTest" time="1.572"/>
  <system-out><![CDATA[]]></system-out>
  <system-err><![CDATA[SLF4J: Failed to load class "org.slf4j.impl.StaticLoggerBinder".
SLF4J: Defaulting to no-operation (NOP) logger implementation
SLF4J: See http://www.slf4j.org/codes.html#StaticLoggerBinder for further details.
Starting ChromeDriver 109.0.5414.74 (e7c5703604daa9cc128ccf5a5d3e993513758913-refs/branch-heads/5414@{#1172}) on port 6799
Only local connections are allowed.
Please see https://chromedriver.chromium.org/security-considerations for suggestions on keeping ChromeDriver safe.
ChromeDriver was started successfully.
февр. 01, 2023 11:38:57 PM org.openqa.selenium.remote.ProtocolHandshake createSession
INFO: Detected dialect: W3C
]]></system-err>
</testsuite>
